# JRE version: OpenJDK Runtime Environment (15.0.2+7) (build 15.0.2+7-27)
# Java VM: OpenJDK 64-Bit Server VM (15.0.2+7-27, mixed mode, tiered, compressed oops, g1 gc, windows-amd64)
GC Precious Log:
 CPUs: 8 total, 8 available
 Memory: 8068M
 Large Page Support: Disabled
 NUMA Support: Disabled
 Compressed Oops: Enabled (32-bit)
 Heap Region Size: 1M
 Heap Min Capacity: 8M
 Heap Initial Capacity: 128M
 Heap Max Capacity: 2018M
 Pre-touch: Disabled
 Parallel Workers: 8
 Concurrent Workers: 2
 Concurrent Refinement Workers: 8
 Periodic GC: Disabled
Heap:
 garbage-first heap   total 65536K, used 39871K [0x0000000081e00000, 0x0000000100000000)
  region size 1024K, 17 young (17408K), 2 survivors (2048K)
 Metaspace       used 23850K, capacity 24058K, committed 24320K, reserved 1071104K
  class space    used 2391K, capacity 2442K, committed 2560K, reserved 1048576K
GC Heap History (20 events):
Event: 1.634 GC heap before
{Heap before GC invocations=0 (full 0):
 garbage-first heap   total 131072K, used 34816K [0x0000000081e00000, 0x0000000100000000)
  region size 1024K, 23 young (23552K), 0 survivors (0K)
 Metaspace       used 17590K, capacity 17763K, committed 17920K, reserved 1064960K
  class space    used 1860K, capacity 1923K, committed 2048K, reserved 1048576K
}
Event: 1.648 GC heap after
{Heap after GC invocations=1 (full 0):
 garbage-first heap   total 131072K, used 15080K [0x0000000081e00000, 0x0000000100000000)
  region size 1024K, 3 young (3072K), 3 survivors (3072K)
 Metaspace       used 17590K, capacity 17763K, committed 17920K, reserved 1064960K
  class space    used 1860K, capacity 1923K, committed 2048K, reserved 1048576K
}
Event: 3.426 GC heap before
{Heap before GC invocations=1 (full 0):
 garbage-first heap   total 131072K, used 23272K [0x0000000081e00000, 0x0000000100000000)
  region size 1024K, 12 young (12288K), 3 survivors (3072K)
 Metaspace       used 21034K, capacity 21205K, committed 21248K, reserved 1069056K
  class space    used 2237K, capacity 2281K, committed 2304K, reserved 1048576K
}
Event: 3.432 GC heap after
{Heap after GC invocations=2 (full 0):
 garbage-first heap   total 131072K, used 16279K [0x0000000081e00000, 0x0000000100000000)
  region size 1024K, 2 young (2048K), 2 survivors (2048K)
 Metaspace       used 21034K, capacity 21205K, committed 21248K, reserved 1069056K
  class space    used 2237K, capacity 2281K, committed 2304K, reserved 1048576K
}
Event: 961.251 GC heap before
{Heap before GC invocations=3 (full 0):
 garbage-first heap   total 65536K, used 61335K [0x0000000081e00000, 0x0000000100000000)
  region size 1024K, 38 young (38912K), 2 survivors (2048K)
 Metaspace       used 23808K, capacity 23991K, committed 24320K, reserved 1071104K
  class space    used 2386K, capacity 2441K, committed 2560K, reserved 1048576K
}
Event: 961.258 GC heap after
{Heap after GC invocations=4 (full 0):
 garbage-first heap   total 65536K, used 25889K [0x0000000081e00000, 0x0000000100000000)
  region size 1024K, 3 young (3072K), 3 survivors (3072K)
 Metaspace       used 23808K, capacity 23991K, committed 24320K, reserved 1071104K
  class space    used 2386K, capacity 2441K, committed 2560K, reserved 1048576K
}
Event: 3042.257 GC heap before
{Heap before GC invocations=4 (full 0):
 garbage-first heap   total 65536K, used 49441K [0x0000000081e00000, 0x0000000100000000)
  region size 1024K, 26 young (26624K), 3 survivors (3072K)
 Metaspace       used 23816K, capacity 23991K, committed 24320K, reserved 1071104K
  class space    used 2386K, capacity 2441K, committed 2560K, reserved 1048576K
}
Event: 3042.263 GC heap after
{Heap after GC invocations=5 (full 0):
 garbage-first heap   total 65536K, used 25600K [0x0000000081e00000, 0x0000000100000000)
  region size 1024K, 2 young (2048K), 2 survivors (2048K)
 Metaspace       used 23816K, capacity 23991K, committed 24320K, reserved 1071104K
  class space    used 2386K, capacity 2441K, committed 2560K, reserved 1048576K
}
Event: 5364.179 GC heap before
{Heap before GC invocations=5 (full 0):
 garbage-first heap   total 65536K, used 51200K [0x0000000081e00000, 0x0000000100000000)
  region size 1024K, 27 young (27648K), 2 survivors (2048K)
 Metaspace       used 23816K, capacity 23991K, committed 24320K, reserved 1071104K
  class space    used 2386K, capacity 2441K, committed 2560K, reserved 1048576K
}
Event: 5364.183 GC heap after
{Heap after GC invocations=6 (full 0):
 garbage-first heap   total 65536K, used 25479K [0x0000000081e00000, 0x0000000100000000)
  region size 1024K, 2 young (2048K), 2 survivors (2048K)
 Metaspace       used 23816K, capacity 23991K, committed 24320K, reserved 1071104K
  class space    used 2386K, capacity 2441K, committed 2560K, reserved 1048576K
}
Event: 7697.691 GC heap before
{Heap before GC invocations=6 (full 0):
 garbage-first heap   total 65536K, used 52103K [0x0000000081e00000, 0x0000000100000000)
  region size 1024K, 28 young (28672K), 2 survivors (2048K)
 Metaspace       used 23819K, capacity 23991K, committed 24320K, reserved 1071104K
  class space    used 2386K, capacity 2441K, committed 2560K, reserved 1048576K
}
Event: 7697.697 GC heap after
{Heap after GC invocations=7 (full 0):
 garbage-first heap   total 65536K, used 25514K [0x0000000081e00000, 0x0000000100000000)
  region size 1024K, 2 young (2048K), 2 survivors (2048K)
 Metaspace       used 23819K, capacity 23991K, committed 24320K, reserved 1071104K
  class space    used 2386K, capacity 2441K, committed 2560K, reserved 1048576K
}
Event: 16729.396 GC heap before
{Heap before GC invocations=7 (full 0):
 garbage-first heap   total 65536K, used 53162K [0x0000000081e00000, 0x0000000100000000)
  region size 1024K, 29 young (29696K), 2 survivors (2048K)
 Metaspace       used 23822K, capacity 23991K, committed 24320K, reserved 1071104K
  class space    used 2388K, capacity 2441K, committed 2560K, reserved 1048576K
}
Event: 16729.403 GC heap after
{Heap after GC invocations=8 (full 0):
 garbage-first heap   total 65536K, used 25498K [0x0000000081e00000, 0x0000000100000000)
  region size 1024K, 2 young (2048K), 2 survivors (2048K)
 Metaspace       used 23822K, capacity 23991K, committed 24320K, reserved 1071104K
  class space    used 2388K, capacity 2441K, committed 2560K, reserved 1048576K
}
Event: 19229.480 GC heap before
{Heap before GC invocations=8 (full 0):
 garbage-first heap   total 65536K, used 54170K [0x0000000081e00000, 0x0000000100000000)
  region size 1024K, 30 young (30720K), 2 survivors (2048K)
 Metaspace       used 23822K, capacity 23991K, committed 24320K, reserved 1071104K
  class space    used 2388K, capacity 2441K, committed 2560K, reserved 1048576K
}
Event: 19229.489 GC heap after
{Heap after GC invocations=9 (full 0):
 garbage-first heap   total 65536K, used 25483K [0x0000000081e00000, 0x0000000100000000)
  region size 1024K, 2 young (2048K), 2 survivors (2048K)
 Metaspace       used 23822K, capacity 23991K, committed 24320K, reserved 1071104K
  class space    used 2388K, capacity 2441K, committed 2560K, reserved 1048576K
}
Event: 21746.281 GC heap before
{Heap before GC invocations=9 (full 0):
 garbage-first heap   total 65536K, used 54155K [0x0000000081e00000, 0x0000000100000000)
  region size 1024K, 30 young (30720K), 2 survivors (2048K)
 Metaspace       used 23822K, capacity 23991K, committed 24320K, reserved 1071104K
  class space    used 2388K, capacity 2441K, committed 2560K, reserved 1048576K
}
Event: 21746.305 GC heap after
{Heap after GC invocations=10 (full 0):
 garbage-first heap   total 65536K, used 25489K [0x0000000081e00000, 0x0000000100000000)
  region size 1024K, 2 young (2048K), 2 survivors (2048K)
 Metaspace       used 23822K, capacity 23991K, committed 24320K, reserved 1071104K
  class space    used 2388K, capacity 2441K, committed 2560K, reserved 1048576K
}
Event: 24350.176 GC heap before
{Heap before GC invocations=10 (full 0):
 garbage-first heap   total 65536K, used 55185K [0x0000000081e00000, 0x0000000100000000)
  region size 1024K, 31 young (31744K), 2 survivors (2048K)
 Metaspace       used 23822K, capacity 23991K, committed 24320K, reserved 1071104K
  class space    used 2388K, capacity 2441K, committed 2560K, reserved 1048576K
}
Event: 24350.199 GC heap after
{Heap after GC invocations=11 (full 0):
 garbage-first heap   total 65536K, used 25535K [0x0000000081e00000, 0x0000000100000000)
  region size 1024K, 2 young (2048K), 2 survivors (2048K)
 Metaspace       used 23822K, capacity 23991K, committed 24320K, reserved 1071104K
  class space    used 2388K, capacity 2441K, committed 2560K, reserved 1048576K
}

