# JRE version: OpenJDK Runtime Environment (15.0.2+7) (build 15.0.2+7-27)
# Java VM: OpenJDK 64-Bit Server VM (15.0.2+7-27, mixed mode, tiered, compressed oops, g1 gc, windows-amd64)
GC Precious Log:
 CPUs: 8 total, 8 available
 Memory: 8068M
 Large Page Support: Disabled
 NUMA Support: Disabled
 Compressed Oops: Enabled (32-bit)
 Heap Region Size: 1M
 Heap Min Capacity: 8M
 Heap Initial Capacity: 128M
 Heap Max Capacity: 2018M
 Pre-touch: Disabled
 Parallel Workers: 8
 Concurrent Workers: 2
 Concurrent Refinement Workers: 8
 Periodic GC: Disabled
Heap:
 garbage-first heap   total 65536K, used 16001K [0x0000000081e00000, 0x0000000100000000)
  region size 1024K, 2 young (2048K), 1 survivors (1024K)
 Metaspace       used 22765K, capacity 22970K, committed 23168K, reserved 1071104K
  class space    used 2321K, capacity 2378K, committed 2432K, reserved 1048576K
GC Heap History (8 events):
Event: 1.980 GC heap before
{Heap before GC invocations=0 (full 0):
 garbage-first heap   total 131072K, used 34816K [0x0000000081e00000, 0x0000000100000000)
  region size 1024K, 23 young (23552K), 0 survivors (0K)
 Metaspace       used 17616K, capacity 17764K, committed 17920K, reserved 1064960K
  class space    used 1861K, capacity 1923K, committed 2048K, reserved 1048576K
}
Event: 1.985 GC heap after
{Heap after GC invocations=1 (full 0):
 garbage-first heap   total 131072K, used 15068K [0x0000000081e00000, 0x0000000100000000)
  region size 1024K, 3 young (3072K), 3 survivors (3072K)
 Metaspace       used 17616K, capacity 17764K, committed 17920K, reserved 1064960K
  class space    used 1861K, capacity 1923K, committed 2048K, reserved 1048576K
}
Event: 3.926 GC heap before
{Heap before GC invocations=1 (full 0):
 garbage-first heap   total 131072K, used 23260K [0x0000000081e00000, 0x0000000100000000)
  region size 1024K, 12 young (12288K), 3 survivors (3072K)
 Metaspace       used 21057K, capacity 21206K, committed 21248K, reserved 1069056K
  class space    used 2224K, capacity 2281K, committed 2304K, reserved 1048576K
}
Event: 3.935 GC heap after
{Heap after GC invocations=2 (full 0):
 garbage-first heap   total 131072K, used 16213K [0x0000000081e00000, 0x0000000100000000)
  region size 1024K, 2 young (2048K), 2 survivors (2048K)
 Metaspace       used 21057K, capacity 21206K, committed 21248K, reserved 1069056K
  class space    used 2224K, capacity 2281K, committed 2304K, reserved 1048576K
}
Event: 2628.890 GC heap before
{Heap before GC invocations=3 (full 0):
 garbage-first heap   total 65536K, used 53077K [0x0000000081e00000, 0x0000000100000000)
  region size 1024K, 38 young (38912K), 2 survivors (2048K)
 Metaspace       used 22739K, capacity 22967K, committed 23168K, reserved 1071104K
  class space    used 2318K, capacity 2377K, committed 2432K, reserved 1048576K
}
Event: 2628.916 GC heap after
{Heap after GC invocations=4 (full 0):
 garbage-first heap   total 65536K, used 16444K [0x0000000081e00000, 0x0000000100000000)
  region size 1024K, 2 young (2048K), 2 survivors (2048K)
 Metaspace       used 22739K, capacity 22967K, committed 23168K, reserved 1071104K
  class space    used 2318K, capacity 2377K, committed 2432K, reserved 1048576K
}
Event: 5753.125 GC heap before
{Heap before GC invocations=4 (full 0):
 garbage-first heap   total 65536K, used 49212K [0x0000000081e00000, 0x0000000100000000)
  region size 1024K, 34 young (34816K), 2 survivors (2048K)
 Metaspace       used 22765K, capacity 22970K, committed 23168K, reserved 1071104K
  class space    used 2321K, capacity 2378K, committed 2432K, reserved 1048576K
}
Event: 5753.157 GC heap after
{Heap after GC invocations=5 (full 0):
 garbage-first heap   total 65536K, used 16001K [0x0000000081e00000, 0x0000000100000000)
  region size 1024K, 1 young (1024K), 1 survivors (1024K)
 Metaspace       used 22765K, capacity 22970K, committed 23168K, reserved 1071104K
  class space    used 2321K, capacity 2378K, committed 2432K, reserved 1048576K
}

