# JRE version: OpenJDK Runtime Environment (15.0.2+7) (build 15.0.2+7-27)
# Java VM: OpenJDK 64-Bit Server VM (15.0.2+7-27, mixed mode, tiered, compressed oops, g1 gc, windows-amd64)
GC Precious Log:
 CPUs: 8 total, 8 available
 Memory: 8068M
 Large Page Support: Disabled
 NUMA Support: Disabled
 Compressed Oops: Enabled (32-bit)
 Heap Region Size: 1M
 Heap Min Capacity: 8M
 Heap Initial Capacity: 128M
 Heap Max Capacity: 2018M
 Pre-touch: Disabled
 Parallel Workers: 8
 Concurrent Workers: 2
 Concurrent Refinement Workers: 8
 Periodic GC: Disabled
Heap:
 garbage-first heap   total 65536K, used 36913K [0x0000000081e00000, 0x0000000100000000)
  region size 1024K, 23 young (23552K), 2 survivors (2048K)
 Metaspace       used 22986K, capacity 23219K, committed 23424K, reserved 1071104K
  class space    used 2331K, capacity 2418K, committed 2432K, reserved 1048576K
GC Heap History (6 events):
Event: 1.777 GC heap before
{Heap before GC invocations=0 (full 0):
 garbage-first heap   total 131072K, used 34816K [0x0000000081e00000, 0x0000000100000000)
  region size 1024K, 23 young (23552K), 0 survivors (0K)
 Metaspace       used 17629K, capacity 17763K, committed 17920K, reserved 1064960K
  class space    used 1866K, capacity 1923K, committed 2048K, reserved 1048576K
}
Event: 1.784 GC heap after
{Heap after GC invocations=1 (full 0):
 garbage-first heap   total 131072K, used 15048K [0x0000000081e00000, 0x0000000100000000)
  region size 1024K, 3 young (3072K), 3 survivors (3072K)
 Metaspace       used 17629K, capacity 17763K, committed 17920K, reserved 1064960K
  class space    used 1866K, capacity 1923K, committed 2048K, reserved 1048576K
}
Event: 3.585 GC heap before
{Heap before GC invocations=1 (full 0):
 garbage-first heap   total 131072K, used 23240K [0x0000000081e00000, 0x0000000100000000)
  region size 1024K, 12 young (12288K), 3 survivors (3072K)
 Metaspace       used 21082K, capacity 21217K, committed 21248K, reserved 1069056K
  class space    used 2237K, capacity 2285K, committed 2304K, reserved 1048576K
}
Event: 3.593 GC heap after
{Heap after GC invocations=2 (full 0):
 garbage-first heap   total 131072K, used 16275K [0x0000000081e00000, 0x0000000100000000)
  region size 1024K, 2 young (2048K), 2 survivors (2048K)
 Metaspace       used 21082K, capacity 21217K, committed 21248K, reserved 1069056K
  class space    used 2237K, capacity 2285K, committed 2304K, reserved 1048576K
}
Event: 1926.943 GC heap before
{Heap before GC invocations=3 (full 0):
 garbage-first heap   total 65536K, used 53139K [0x0000000081e00000, 0x0000000100000000)
  region size 1024K, 38 young (38912K), 2 survivors (2048K)
 Metaspace       used 22960K, capacity 23120K, committed 23168K, reserved 1071104K
  class space    used 2328K, capacity 2385K, committed 2432K, reserved 1048576K
}
Event: 1926.956 GC heap after
{Heap after GC invocations=4 (full 0):
 garbage-first heap   total 65536K, used 16433K [0x0000000081e00000, 0x0000000100000000)
  region size 1024K, 2 young (2048K), 2 survivors (2048K)
 Metaspace       used 22960K, capacity 23120K, committed 23168K, reserved 1071104K
  class space    used 2328K, capacity 2385K, committed 2432K, reserved 1048576K
}

