# JRE version: OpenJDK Runtime Environment (15.0.2+7) (build 15.0.2+7-27)
# Java VM: OpenJDK 64-Bit Server VM (15.0.2+7-27, mixed mode, tiered, compressed oops, g1 gc, windows-amd64)
GC Precious Log:
 CPUs: 8 total, 8 available
 Memory: 8068M
 Large Page Support: Disabled
 NUMA Support: Disabled
 Compressed Oops: Enabled (32-bit)
 Heap Region Size: 1M
 Heap Min Capacity: 8M
 Heap Initial Capacity: 128M
 Heap Max Capacity: 2018M
 Pre-touch: Disabled
 Parallel Workers: 8
 Concurrent Workers: 2
 Concurrent Refinement Workers: 8
 Periodic GC: Disabled
Heap:
 garbage-first heap   total 122880K, used 72583K [0x0000000081e00000, 0x0000000100000000)
  region size 1024K, 50 young (51200K), 4 survivors (4096K)
 Metaspace       used 22793K, capacity 22972K, committed 23168K, reserved 1071104K
  class space    used 2300K, capacity 2380K, committed 2432K, reserved 1048576K
GC Heap History (6 events):
Event: 1.991 GC heap before
{Heap before GC invocations=0 (full 0):
 garbage-first heap   total 131072K, used 34816K [0x0000000081e00000, 0x0000000100000000)
  region size 1024K, 23 young (23552K), 0 survivors (0K)
 Metaspace       used 17625K, capacity 17830K, committed 18176K, reserved 1064960K
  class space    used 1856K, capacity 1925K, committed 2048K, reserved 1048576K
}
Event: 1.997 GC heap after
{Heap after GC invocations=1 (full 0):
 garbage-first heap   total 131072K, used 15043K [0x0000000081e00000, 0x0000000100000000)
  region size 1024K, 3 young (3072K), 3 survivors (3072K)
 Metaspace       used 17625K, capacity 17830K, committed 18176K, reserved 1064960K
  class space    used 1856K, capacity 1925K, committed 2048K, reserved 1048576K
}
Event: 7.559 GC heap before
{Heap before GC invocations=1 (full 0):
 garbage-first heap   total 131072K, used 47811K [0x0000000081e00000, 0x0000000100000000)
  region size 1024K, 19 young (19456K), 3 survivors (3072K)
 Metaspace       used 21072K, capacity 21212K, committed 21248K, reserved 1069056K
  class space    used 2210K, capacity 2284K, committed 2304K, reserved 1048576K
}
Event: 7.565 GC heap after
{Heap after GC invocations=2 (full 0):
 garbage-first heap   total 131072K, used 34452K [0x0000000081e00000, 0x0000000100000000)
  region size 1024K, 2 young (2048K), 2 survivors (2048K)
 Metaspace       used 21072K, capacity 21212K, committed 21248K, reserved 1069056K
  class space    used 2210K, capacity 2284K, committed 2304K, reserved 1048576K
}
Event: 8.487 GC heap before
{Heap before GC invocations=3 (full 0):
 garbage-first heap   total 122880K, used 77460K [0x0000000081e00000, 0x0000000100000000)
  region size 1024K, 44 young (45056K), 2 survivors (2048K)
 Metaspace       used 22630K, capacity 22844K, committed 22912K, reserved 1069056K
  class space    used 2300K, capacity 2380K, committed 2432K, reserved 1048576K
}
Event: 8.491 GC heap after
{Heap after GC invocations=4 (full 0):
 garbage-first heap   total 122880K, used 26503K [0x0000000081e00000, 0x0000000100000000)
  region size 1024K, 4 young (4096K), 4 survivors (4096K)
 Metaspace       used 22630K, capacity 22844K, committed 22912K, reserved 1069056K
  class space    used 2300K, capacity 2380K, committed 2432K, reserved 1048576K
}

